[2026-01-19 07:58:29] ==========================================
[2026-01-19 07:58:29] --- Auto Commit & Cleanup 脚本开始执行 ---
[2026-01-19 07:58:29] 进入项目目录: C:\Users\80139\AppData\Local\Temp\common_src
[2026-01-19 07:58:31] 检测到变更，开始本地提交...
[2026-01-19 07:58:32] 本地 Commit 成功，开始后台 Push...
[2026-01-19 07:58:34]   [Git] ssh: Could not resolve hostname ssh.github.com: Name or service not known
[2026-01-19 07:58:34]   [Git] fatal: Could not read from remote repository.
[2026-01-19 07:58:34]   [Git] System.Management.Automation.RemoteException
[2026-01-19 07:58:34]   [Git] Please make sure you have the correct access rights
[2026-01-19 07:58:34]   [Git] and the repository exists.
[2026-01-19 07:58:34] Git Push 失败 (ExitCode: 128)
[2026-01-19 07:58:34] 准备清理...
[2026-01-19 07:58:34] 警告！！由于 Push 失败或发生错误，保留本地目录以防丢失数据！
[2026-01-19 07:58:34] 目录位置: C:\Users\80139\AppData\Local\Temp\common_src
[2026-01-19 07:58:34] --- 脚本结束 ---
[2026-01-20 08:05:29] ==========================================
[2026-01-20 08:05:30] --- Auto Commit & Cleanup 脚本开始执行 ---
[2026-01-20 08:05:30] 进入项目目录: C:\Users\80139\AppData\Local\Temp\common_src
[2026-01-20 08:05:31] 无代码变更，无需提交。
[2026-01-20 08:05:31] 准备清理...
[2026-01-20 08:05:31] 清理成功：项目目录已删除。
[2026-01-20 08:05:31] --- 脚本结束 ---
[2026-01-20 08:06:55] ==========================================
[2026-01-20 08:06:55] --- Auto Commit & Cleanup 脚本开始执行 ---
[2026-01-20 08:06:55] 项目目录不存在，跳过。
[2026-01-20 08:07:00] ==========================================
[2026-01-20 08:07:00] --- Auto Commit & Cleanup 脚本开始执行 ---
[2026-01-20 08:07:00] 项目目录不存在，跳过。
[2026-01-20 08:07:05] ==========================================
[2026-01-20 08:07:05] --- Auto Commit & Cleanup 脚本开始执行 ---
[2026-01-20 08:07:05] 项目目录不存在，跳过。
[2026-01-21 07:58:24] ==========================================
[2026-01-21 07:58:24] --- Auto Commit & Cleanup 脚本开始执行 ---
[2026-01-21 07:58:24] 进入项目目录: C:\Users\80139\AppData\Local\Temp\common_src
[2026-01-21 07:58:24] 无代码变更，无需提交。
[2026-01-21 07:58:24] 准备清理...
[2026-01-21 07:58:24] 清理成功：项目目录已删除。
[2026-01-21 07:58:24] --- 脚本结束 ---
[2026-01-21 17:19:58] ==========================================
[2026-01-21 17:19:58] --- Auto Commit & Cleanup 脚本开始执行 ---
[2026-01-21 17:19:58] 进入项目目录: C:\Users\80139\AppData\Local\Temp\common_src
[2026-01-21 17:19:58] 无代码变更，无需提交。
[2026-01-21 17:19:58] 准备清理...
[2026-01-21 17:19:59] 清理成功：项目目录已删除。
[2026-01-21 17:19:59] --- 脚本结束 ---
[2026-01-22 08:17:16] ==========================================
[2026-01-22 08:17:16] --- Auto Commit & Cleanup 脚本开始执行 ---
[2026-01-22 08:17:16] 项目目录不存在，跳过。
[2026-01-23 08:27:38] ==========================================
[2026-01-23 08:27:38] --- Auto Commit & Cleanup 脚本开始执行 ---
[2026-01-23 08:27:38] 进入项目目录: C:\Users\80139\AppData\Local\Temp\common_src
[2026-01-23 08:27:39] 无代码变更，无需提交。
[2026-01-23 08:27:39] 准备清理...
[2026-01-23 08:27:40] 清理成功：项目目录已删除。
[2026-01-23 08:27:40] --- 脚本结束 ---
[2026-01-23 12:37:39] ==========================================
[2026-01-23 12:37:39] --- Auto Commit & Cleanup 脚本开始执行 ---
[2026-01-23 12:37:39] 项目目录不存在，跳过。
[2026-01-28 07:58:02] ==========================================
[2026-01-28 07:58:02] --- Auto Commit & Cleanup 脚本开始执行 ---
[2026-01-28 07:58:02] 项目目录不存在，跳过。
[2026-01-29 08:04:47] ==========================================
[2026-01-29 08:04:47] --- Auto Commit & Cleanup 脚本开始执行 ---
[2026-01-29 08:04:47] 项目目录不存在，跳过。
[2026-01-30 08:17:58] ==========================================
[2026-01-30 08:17:58] --- Auto Commit & Cleanup 脚本开始执行 ---
[2026-01-30 08:17:58] 项目目录不存在，跳过。
[2026-02-02 07:59:02] ==========================================
[2026-02-02 07:59:02] --- Auto Commit & Cleanup 脚本开始执行 ---
[2026-02-02 07:59:02] 项目目录不存在，跳过。
[2026-02-03 08:03:29] ==========================================
[2026-02-03 08:03:29] --- Auto Commit & Cleanup 脚本开始执行 ---
[2026-02-03 08:03:29] 进入项目目录: C:\Users\80139\AppData\Local\Temp\common_src
[2026-02-03 08:03:29] 检测到变更，开始本地提交...
[2026-02-03 08:03:29] 本地 Commit 成功，开始后台 Push...
[2026-02-03 08:03:31]   [Git] ssh: Could not resolve hostname ssh.github.com: Name or service not known
[2026-02-03 08:03:31]   [Git] fatal: Could not read from remote repository.
[2026-02-03 08:03:31]   [Git] System.Management.Automation.RemoteException
[2026-02-03 08:03:31]   [Git] Please make sure you have the correct access rights
[2026-02-03 08:03:31]   [Git] and the repository exists.
[2026-02-03 08:03:31] Git Push 失败 (ExitCode: 128)
[2026-02-03 08:03:31] 准备清理...
[2026-02-03 08:03:31] 警告！！由于 Push 失败或发生错误，保留本地目录以防丢失数据！
[2026-02-03 08:03:31] 目录位置: C:\Users\80139\AppData\Local\Temp\common_src
[2026-02-03 08:03:31] --- 脚本结束 ---
[2026-02-04 08:03:47] ==========================================
[2026-02-04 08:03:47] --- Auto Commit & Cleanup 脚本开始执行 ---
[2026-02-04 08:03:47] 进入项目目录: C:\Users\80139\AppData\Local\Temp\common_src
[2026-02-04 08:03:48] 无代码变更，无需提交。
[2026-02-04 08:03:48] 准备清理...
[2026-02-04 08:03:48] 清理成功：项目目录已删除。
[2026-02-04 08:03:48] --- 脚本结束 ---
[2026-02-05 08:21:33] ==========================================
[2026-02-05 08:21:33] --- Auto Commit & Cleanup 脚本开始执行 ---
[2026-02-05 08:21:33] 项目目录不存在，跳过。
[2026-02-06 07:58:37] ==========================================
[2026-02-06 07:58:37] --- Auto Commit & Cleanup 脚本开始执行 ---
[2026-02-06 07:58:37] 进入项目目录: C:\Users\80139\AppData\Local\Temp\common_src
[2026-02-06 07:58:39] 检测到变更，开始本地提交...
[2026-02-06 07:58:39] 本地 Commit 成功，开始后台 Push...
[2026-02-06 07:58:41]   [Git] ssh: Could not resolve hostname ssh.github.com: Name or service not known
[2026-02-06 07:58:41]   [Git] fatal: Could not read from remote repository.
[2026-02-06 07:58:41]   [Git] System.Management.Automation.RemoteException
[2026-02-06 07:58:41]   [Git] Please make sure you have the correct access rights
[2026-02-06 07:58:41]   [Git] and the repository exists.
[2026-02-06 07:58:41] Git Push 失败 (ExitCode: 128)
[2026-02-06 07:58:41] 准备清理...
[2026-02-06 07:58:41] 警告！！由于 Push 失败或发生错误，保留本地目录以防丢失数据！
[2026-02-06 07:58:41] 目录位置: C:\Users\80139\AppData\Local\Temp\common_src
[2026-02-06 07:58:41] --- 脚本结束 ---
[2026-02-09 08:12:34] ==========================================
[2026-02-09 08:12:34] --- Auto Commit & Cleanup 脚本开始执行 ---
[2026-02-09 08:12:34] 进入项目目录: C:\Users\80139\AppData\Local\Temp\common_src
[2026-02-09 08:12:35] 无代码变更，无需提交。
[2026-02-09 08:12:35] 准备清理...
[2026-02-09 08:12:36] 清理成功：项目目录已删除。
[2026-02-09 08:12:36] --- 脚本结束 ---
[2026-02-10 08:21:07] ==========================================
[2026-02-10 08:21:07] --- Auto Commit & Cleanup 脚本开始执行 ---
[2026-02-10 08:21:07] 项目目录不存在，跳过。
[2026-02-11 07:27:46] ==========================================
[2026-02-11 07:27:46] --- Auto Commit & Cleanup 脚本开始执行 ---
[2026-02-11 07:27:46] 项目目录不存在，跳过。
[2026-02-12 08:12:17] ==========================================
[2026-02-12 08:12:17] --- Auto Commit & Cleanup 脚本开始执行 ---
[2026-02-12 08:12:17] 项目目录不存在，跳过。
